# JRE version: OpenJDK Runtime Environment (8.0_152-b01) (build 1.8.0_152-release-915-b01)
# Java VM: OpenJDK 64-Bit Server VM (25.152-b01 mixed mode linux-amd64 compressed oops)
Heap:
 PSYoungGen      total 139264K, used 59751K [0x00000000e0000000, 0x00000000f1000000, 0x0000000100000000)
  eden space 129024K, 46% used [0x00000000e0000000,0x00000000e3a59fc0,0x00000000e7e00000)
  from space 10240K, 0% used [0x00000000e7e00000,0x00000000e7e00000,0x00000000e8800000)
  to   space 10240K, 0% used [0x00000000f0600000,0x00000000f0600000,0x00000000f1000000)
 ParOldGen       total 104448K, used 7457K [0x00000000a0000000, 0x00000000a6600000, 0x00000000e0000000)
  object space 104448K, 7% used [0x00000000a0000000,0x00000000a0748438,0x00000000a6600000)
 Metaspace       used 25704K, capacity 26144K, committed 26240K, reserved 1071104K
  class space    used 3506K, capacity 3681K, committed 3712K, reserved 1048576K
GC Heap History (8 events):
Event: 0.551 GC heap before
{Heap before GC invocations=1 (full 0):
 PSYoungGen      total 74752K, used 64512K [0x00000000e0000000, 0x00000000e5300000, 0x0000000100000000)
  eden space 64512K, 100% used [0x00000000e0000000,0x00000000e3f00000,0x00000000e3f00000)
  from space 10240K, 0% used [0x00000000e4900000,0x00000000e4900000,0x00000000e5300000)
  to   space 10240K, 0% used [0x00000000e3f00000,0x00000000e3f00000,0x00000000e4900000)
 ParOldGen       total 171008K, used 0K [0x00000000a0000000, 0x00000000aa700000, 0x00000000e0000000)
  object space 171008K, 0% used [0x00000000a0000000,0x00000000a0000000,0x00000000aa700000)
 Metaspace       used 11258K, capacity 11542K, committed 11648K, reserved 1058816K
  class space    used 1499K, capacity 1625K, committed 1664K, reserved 1048576K
Event: 0.557 GC heap after
Heap after GC invocations=1 (full 0):
 PSYoungGen      total 74752K, used 7752K [0x00000000e0000000, 0x00000000e9200000, 0x0000000100000000)
  eden space 64512K, 0% used [0x00000000e0000000,0x00000000e0000000,0x00000000e3f00000)
  from space 10240K, 75% used [0x00000000e3f00000,0x00000000e4692150,0x00000000e4900000)
  to   space 10240K, 0% used [0x00000000e8800000,0x00000000e8800000,0x00000000e9200000)
 ParOldGen       total 171008K, used 16K [0x00000000a0000000, 0x00000000aa700000, 0x00000000e0000000)
  object space 171008K, 0% used [0x00000000a0000000,0x00000000a0004000,0x00000000aa700000)
 Metaspace       used 11258K, capacity 11542K, committed 11648K, reserved 1058816K
  class space    used 1499K, capacity 1625K, committed 1664K, reserved 1048576K
}
Event: 1.088 GC heap before
{Heap before GC invocations=2 (full 0):
 PSYoungGen      total 74752K, used 72264K [0x00000000e0000000, 0x00000000e9200000, 0x0000000100000000)
  eden space 64512K, 100% used [0x00000000e0000000,0x00000000e3f00000,0x00000000e3f00000)
  from space 10240K, 75% used [0x00000000e3f00000,0x00000000e4692150,0x00000000e4900000)
  to   space 10240K, 0% used [0x00000000e8800000,0x00000000e8800000,0x00000000e9200000)
 ParOldGen       total 171008K, used 16K [0x00000000a0000000, 0x00000000aa700000, 0x00000000e0000000)
  object space 171008K, 0% used [0x00000000a0000000,0x00000000a0004000,0x00000000aa700000)
 Metaspace       used 18378K, capacity 18806K, committed 18944K, reserved 1064960K
  class space    used 2595K, capacity 2778K, committed 2816K, reserved 1048576K
Event: 1.113 GC heap after
Heap after GC invocations=2 (full 0):
 PSYoungGen      total 139264K, used 10214K [0x00000000e0000000, 0x00000000e9200000, 0x0000000100000000)
  eden space 129024K, 0% used [0x00000000e0000000,0x00000000e0000000,0x00000000e7e00000)
  from space 10240K, 99% used [0x00000000e8800000,0x00000000e91f9900,0x00000000e9200000)
  to   space 10240K, 0% used [0x00000000e7e00000,0x00000000e7e00000,0x00000000e8800000)
 ParOldGen       total 171008K, used 1492K [0x00000000a0000000, 0x00000000aa700000, 0x00000000e0000000)
  object space 171008K, 0% used [0x00000000a0000000,0x00000000a0175358,0x00000000aa700000)
 Metaspace       used 18378K, capacity 18806K, committed 18944K, reserved 1064960K
  class space    used 2595K, capacity 2778K, committed 2816K, reserved 1048576K
}
Event: 1.266 GC heap before
{Heap before GC invocations=3 (full 0):
 PSYoungGen      total 139264K, used 23281K [0x00000000e0000000, 0x00000000e9200000, 0x0000000100000000)
  eden space 129024K, 10% used [0x00000000e0000000,0x00000000e0cc2bb8,0x00000000e7e00000)
  from space 10240K, 99% used [0x00000000e8800000,0x00000000e91f9900,0x00000000e9200000)
  to   space 10240K, 0% used [0x00000000e7e00000,0x00000000e7e00000,0x00000000e8800000)
 ParOldGen       total 171008K, used 1492K [0x00000000a0000000, 0x00000000aa700000, 0x00000000e0000000)
  object space 171008K, 0% used [0x00000000a0000000,0x00000000a0175358,0x00000000aa700000)
 Metaspace       used 20724K, capacity 21142K, committed 21248K, reserved 1067008K
  class space    used 2884K, capacity 3066K, committed 3072K, reserved 1048576K
Event: 1.276 GC heap after
Heap after GC invocations=3 (full 0):
 PSYoungGen      total 139264K, used 7625K [0x00000000e0000000, 0x00000000f1000000, 0x0000000100000000)
  eden space 129024K, 0% used [0x00000000e0000000,0x00000000e0000000,0x00000000e7e00000)
  from space 10240K, 74% used [0x00000000e7e00000,0x00000000e8572448,0x00000000e8800000)
  to   space 10240K, 0% used [0x00000000f0600000,0x00000000f0600000,0x00000000f1000000)
 ParOldGen       total 171008K, used 1500K [0x00000000a0000000, 0x00000000aa700000, 0x00000000e0000000)
  object space 171008K, 0% used [0x00000000a0000000,0x00000000a0177358,0x00000000aa700000)
 Metaspace       used 20724K, capacity 21142K, committed 21248K, reserved 1067008K
  class space    used 2884K, capacity 3066K, committed 3072K, reserved 1048576K
}
Event: 1.276 GC heap before
{Heap before GC invocations=4 (full 1):
 PSYoungGen      total 139264K, used 7625K [0x00000000e0000000, 0x00000000f1000000, 0x0000000100000000)
  eden space 129024K, 0% used [0x00000000e0000000,0x00000000e0000000,0x00000000e7e00000)
  from space 10240K, 74% used [0x00000000e7e00000,0x00000000e8572448,0x00000000e8800000)
  to   space 10240K, 0% used [0x00000000f0600000,0x00000000f0600000,0x00000000f1000000)
 ParOldGen       total 171008K, used 1500K [0x00000000a0000000, 0x00000000aa700000, 0x00000000e0000000)
  object space 171008K, 0% used [0x00000000a0000000,0x00000000a0177358,0x00000000aa700000)
 Metaspace       used 20724K, capacity 21142K, committed 21248K, reserved 1067008K
  class space    used 2884K, capacity 3066K, committed 3072K, reserved 1048576K
Event: 1.320 GC heap after
Heap after GC invocations=4 (full 1):
 PSYoungGen      total 139264K, used 0K [0x00000000e0000000, 0x00000000f1000000, 0x0000000100000000)
  eden space 129024K, 0% used [0x00000000e0000000,0x00000000e0000000,0x00000000e7e00000)
  from space 10240K, 0% used [0x00000000e7e00000,0x00000000e7e00000,0x00000000e8800000)
  to   space 10240K, 0% used [0x00000000f0600000,0x00000000f0600000,0x00000000f1000000)
 ParOldGen       total 104448K, used 7457K [0x00000000a0000000, 0x00000000a6600000, 0x00000000e0000000)
  object space 104448K, 7% used [0x00000000a0000000,0x00000000a0748438,0x00000000a6600000)
 Metaspace       used 20724K, capacity 21142K, committed 21248K, reserved 1067008K
  class space    used 2884K, capacity 3066K, committed 3072K, reserved 1048576K
}

